Script started at: Sun 26 Nov 21:08:06 GMT 2023
Extracting sOTUs from /home/people/fitzpatria/scratch/Serratus/data/sOTUs_Serratus/phenuiviridae_palmdb_filtered.b6...
Done.
Removing duplicate sOTUs...
Done.
Unique sOTUs for phenuiviridae: u100289
u100506
u10063
u100704
u100714
u100728
u10098
u10108
u10132
u101341
u101375
u10154
u10157
u101697
u101934
u102262
u10229
u102301
u102312
u10233
u102490
u102783
u10285
u102852
u102891
u10323
u10331
u103361
u10375
u1038
u103856
u10386
u10392
u10395
u10396
u10403
u104042
u10406
u104272
u104468
u104547
u104685
u104709
u104711
u104718
u10474
u104789
u10480
u104969
u105164
u105188
u105193
u105205
u10524
u105289
u105394
u105395
u105493
u105797
u10639
u106400
u10649
u10673
u106964
u107119
u107248
u107534
u107646
u107819
u107848
u107981
u107983
u108113
u108219
u108603
u10871
u108852
u108919
u109138
u109809
u11025
u110328
u110410
u110469
u11050
u11066
u110679
u110700
u11072
u11085
u11086
u111010
u11107
u11111
u11119
u111234
u111589
u111749
u111933
u11209
u112314
u112759
u1128
u112815
u112840
u112891
u112983
u11301
u113344
u11346
u11347
u11348
u113687
u113797
u11381
u113884
u113944
u113956
u114004
u11405
u114496
u114636
u11464
u114696
u114806
u11511
u115399
u11565
u115964
u115968
u116034
u11612
u11666
u116937
u1171
u117107
u117176
u117184
u11766
u11767
u11774
u117892
u117898
u117955
u11805
u11806
u11808
u118242
u118258
u118292
u118354
u11838
u118591
u118623
u118809
u118901
u118936
u11913
u119171
u119377
u119468
u119510
u119511
u11986
u120162
u120333
u120372
u120388
u120448
u120520
u12077
u120830
u12129
u12139
u12193
u12194
u12195
u12197
u12200
u12201
u12202
u12208
u12209
u122217
u122315
u12235
u12237
u12238
u12239
u122415
u12287
u123029
u12309
u123233
u12352
u12356
u12358
u12359
u124080
u12410
u124230
u124526
u124542
u12470
u124966
u12503
u12510
u125248
u125369
u125434
u125594
u125622
u125665
u125673
u12569
u126007
u1261
u126506
u126892
u12698
u12699
u126997
u127040
u12736
u12752
u127688
u127867
u127893
u1279
u128170
u12824
u12830
u12839
u12861
u128730
u12881
u12888
u12914
u12919
u12920
u129204
u12957
u129863
u130038
u130078
u130079
u13010
u13012
u130252
u130407
u13060
u13071
u13072
u13079
u13080
u130999
u131072
u13114
u131145
u131171
u1312
u13138
u13139
u13145
u13151
u13152
u13153
u131654
u13174
u13176
u13181
u131899
u132299
u132302
u132346
u132423
u132455
u132769
u132846
u13306
u13311
u133285
u133446
u133457
u13348
u133598
u13381
u133877
u13395
u134072
u13410
u134120
u134152
u13417
u134656
u134927
u13516
u135987
u136
u13606
u136156
u136182
u136338
u136412
u136427
u136652
u136770
u136997
u137170
u137284
u13736
u137490
u137503
u137528
u13784
u137845
u13797
u138023
u13832
u138550
u13859
u13860
u13863
u13866
u138716
u138851
u13913
u13914
u139172
u139211
u139233
u13926
u13934
u13935
u139648
u13981
u140045
u140154
u140174
u140223
u14041
u140479
u14059
u14060
u14064
u14066
u14067
u140715
u14072
u14079
u140858
u14094
u14095
u14096
u14109
u14111
u141184
u141425
u141656
u141774
u14193
u141971
u142088
u142200
u142448
u14246
u14250
u142509
u142512
u14255
u142719
u142795
u142808
u142891
u1430
u143012
u14347
u143514
u143643
u143752
u143754
u14380
u14381
u143902
u144172
u144200
u144375
u144475
u144530
u144533
u14457
u144737
u144789
u144942
u145013
u145119
u145220
u145358
u145412
u145437
u145478
u14555
u1456
u145621
u145705
u1459
u14590
u146374
u146479
u146560
u14662
u14669
u146799
u146971
u146984
u14715
u14728
u147347
u148432
u148471
u148624
u148871
u14910
u149122
u149194
u149195
u149302
u149559
u14989
u14994
u15008
u150382
u15048
u15067
u15074
u15076
u15091
u150935
u15099
u1510
u15104
u151043
u15141
u151639
u151703
u151763
u151775
u151807
u15193
u15194
u152022
u15206
u15223
u15234
u15243
u152499
u1525
u15251
u152704
u152874
u152930
u153087
u15311
u15354
u15390
u15412
u15421
u15435
u15438
u154752
u15487
u154952
u154990
u155058
u15582
u155820
u15586
u15598
u156057
u156128
u156250
u156501
u156598
u156779
u156923
u15694
u15695
u157102
u157277
u157446
u157457
u15749
u157515
u157548
u15759
u157668
u1581
u15832
u158438
u158644
u15898
u159010
u15979
u159951
u160194
u160203
u16022
u160243
u160253
u16026
u16031
u16035
u16036
u16038
u160417
u16075
u16082
u160835
u160875
u161280
u161620
u16181
u16187
u161903
u161909
u16228
u162297
u16292
u16307
u163080
u163519
u163577
u163602
u163606
u16364
u163645
u163685
u163726
u163727
u163765
u163851
u163938
u164025
u16403
u164039
u164091
u16410
u16416
u16459
u16469
u16486
u165043
u165398
u165416
u165527
u165864
u165999
u16613
u16615
u166380
u166582
u166780
u166787
u166789
u166802
u166860
u166882
u166921
u166931
u166948
u166964
u166981
u167018
u167038
u167048
u167056
u167124
u167170
u1674
u16740
u167636
u167651
u167722
u167741
u167809
u167852
u167993
u168018
u168064
u168120
u168124
u168130
u168160
u168292
u168324
u168481
u168536
u168545
u168588
u168658
u169068
u169287
u169312
u169354
u169519
u169631
u169647
u16966
u169706
u170010
u170031
u170053
u17034
u17054
u171021
u17127
u171389
u171742
u172014
u172097
u172117
u17229
u172308
u172440
u172497
u172522
u17260
u172614
u172630
u172705
u172731
u172883
u172966
u17297
u173005
u173056
u173095
u17313
u173280
u173321
u173428
u173520
u173554
u173587
u173598
u173613
u173631
u173657
u173714
u17376
u173961
u173970
u174018
u17407
u174091
u174098
u174202
u174387
u174404
u174418
u17447
u174492
u1745
u174521
u174542
u174645
u175029
u175105
u175621
u17569
u175727
u175777
u175795
u1759
u175936
u176258
u176754
u1769
u177296
u17737
u177449
u1775
u17752
u177569
u17767
u17774
u17775
u17776
u177781
u177845
u17814
u17830
u17831
u17832
u178358
u17896
u179119
u179149
u179308
u17945
u17947
u17958
u17959
u17960
u17972
u17975
u17979
u17992
u18029
u18030
u18031
u18033
u18037
u18077
u180784
u1808
u181037
u181356
u18138
u181455
u18151
u181541
u18180
u181834
u181948
u182001
u182128
u182290
u182364
u182506
u182759
u182775
u182920
u18295
u182953
u182968
u183009
u183388
u183675
u183748
u183752
u184230
u184232
u184240
u184258
u184357
u18437
u184395
u18451
u184540
u185154
u185208
u185305
u185349
u185462
u18548
u18549
u185627
u185772
u185850
u1862
u186479
u186558
u186653
u186680
u186752
u186841
u187035
u1871
u18711
u18714
u187515
u187605
u187711
u187878
u18795
u18822
u188280
u188404
u188490
u18850
u188591
u18863
u188756
u188854
u188949
u18930
u189387
u189412
u189417
u189543
u18966
u18973
u18974
u189747
u189762
u18982
u189846
u19000
u190189
u190282
u190323
u190366
u190457
u190493
u190498
u190980
u191261
u19133
u191379
u191785
u191968
u191970
u19199
u191995
u19209
u192101
u192221
u192283
u192303
u192634
u192715
u193057
u19306
u19309
u19330
u19333
u19335
u19336
u19337
u19341
u19342
u19354
u19355
u193950
u19419
u19428
u194295
u19444
u19446
u19454
u19455
u19459
u194780
u194794
u194833
u194897
u194923
u194940
u194946
u194970
u195079
u195286
u195287
u19551
u195526
u19553
u195539
u19555
u195564
u195591
u195599
u195600
u195607
u195609
u195610
u19565
u195696
u195708
u19581
u19623
u19630
u196610
u196651
u196669
u196694
u196726
u1968
u196862
u196887
u196923
u19738
u197391
u197416
u197678
u19771
u19772
u197817
u198168
u19820
u198217
u19831
u198358
u1984
u198440
u198456
u19896
u19910
u199168
u19929
u199336
u199414
u19942
u199487
u199644
u199705
u19974
u199750
u199772
u199954
u200110
u20013
u200232
u20024
u20055
u200646
u200726
u201183
u201233
u201251
u20141
u201562
u201594
u201918
u202
u202025
u2021
u202545
u202808
u20293
u203569
u20366
u203703
u203714
u203774
u203837
u203972
u204411
u20462
u20483
u20496
u20499
u205069
u2053
u20588
u205907
u205972
u206000
u20604
u206171
u20621
u20646
u20678
u206910
u20698
u207100
u207171
u207362
u20746
u20761
u20762
u20787
u20799
u20816
u20824
u20844
u208719
u208947
u209043
u209068
u209147
u209391
u209451
u209668
u209749
u20978
u21040
u21053
u21065
u2107
u210712
u210741
u21089
u21091
u21094
u21096
u21097
u21098
u21112
u211143
u21122
u211287
u21129
u21137
u211459
u21159
u211670
u212318
u212320
u212322
u212324
u212342
u212350
u21246
u21253
u21255
u21256
u212611
u212747
u212760
u212794
u212837
u213104
u21315
u213167
u21329
u213316
u21349
u21351
u21353
u21358
u213640
u21366
u21368
u21404
u21431
u21435
u214408
u214410
u21442
u21443
u21444
u214452
u214508
u21452
u214553
u214750
u214786
u214823
u21508
u21510
u215650
u215882
u2160
u21615
u21628
u21629
u21630
u216384
u21646
u21651
u21657
u21658
u216597
u216652
u216660
u216677
u216726
u216781
u216787
u217119
u217135
u217284
u217292
u217369
u217482
u217515
u217529
u217537
u217584
u21797
u218268
u21836
u218371
u218701
u218747
u2194
u219473
u2196
u219756
u21977
u219972
u220090
u2201
u220389
u220478
u221110
u221156
u2213
u22152
u221810
u222
u222127
u222132
u222167
u222244
u22235
u222649
u223462
u223862
u224235
u22435
u22465
u224664
u224706
u22499
u224993
u225006
u225426
u22557
u22558
u22559
u22561
u22565
u225745
u22582
u22590
u22591
u225979
u22602
u22603
u226032
u226070
u2261
u226417
u226748
u22678
u22686
u226888
u22690
u226984
u227461
u227634
u227788
u227875
u22800
u22801
u228035
u228369
u228438
u22862
u228707
u2290
u22902
u229130
u229145
u22938
u229518
u22959
u22968
u229719
u22972
u22974
u229784
u229859
u229879
u230264
u230291
u230439
u230458
u230459
u230652
u23069
u23128
u231338
u231638
u231900
u231903
u23208
u232259
u23233
u23257
u232706
u232820
u233183
u233606
u233825
u233869
u233878
u23396
u23401
u234050
u234061
u23407
u234195
u23436
u234465
u234621
u23467
u234682
u23469
u234801
u235175
u23568
u235693
u235811
u235840
u235853
u23609
u236191
u236237
u236270
u236552
u236565
u23701
u237014
u23702
u237118
u23726
u23727
u237289
u23731
u23733
u23734
u23735
u237378
u237409
u237503
u23752
u237544
u23767
u23768
u237788
u23783
u237833
u237893
u237997
u2380
u238112
u238254
u238350
u238553
u23859
u23861
u238652
u2387
u23872
u238795
u2388
u238867
u238946
u238952
u23927
u239280
u239398
u239404
u239488
u239491
u239520
u240101
u240613
u240738
u241012
u241316
u241319
u24166
u241892
u241993
u242099
u242495
u242550
u24258
u24259
u242679
u242790
u24280
u243089
u24349
u243612
u24371
u24372
u243781
u243820
u24388
u244044
u24426
u244363
u244512
u244611
u24483
u244904
u24493
u24506
u24512
u2452
u24571
u246022
u246238
u24634
u246380
u246464
u2466
u24666
u246721
u24705
u2474
u24743
u24752
u24795
u247974
u247986
u248067
u24846
u24850
u248620
u248727
u24898
u24921
u24953
u249583
u249647
u24969
u249703
u249791
u24985
u24995
u24998
u24999
u249998
u25008
u25009
u250092
u250135
u25014
u250196
u250230
u25038
u250421
u250556
u250628
u250669
u250775
u25116
u251247
u251420
u25167
u251672
u25168
u25169
u25189
u251905
u251981
u252
u25202
u25203
u25207
u25210
u25213
u252142
u252221
u252380
u25241
u252456
u252533
u252560
u252570
u25265
u252970
u2531
u253347
u25349
u25350
u25351
u253519
u253528
u253647
u253767
u25379
u253886
u2539
u253905
u254123
u25414
u25415
u25416
u254178
u25418
u254216
u254382
u254417
u254419
u25458
u254585
u25472
u25481
u254860
u254926
u255007
u25509
u25512
u25553
u255658
u255784
u25583
u25643
u256519
u256587
u256766
u256822
u256908
u256935
u256950
u2570
u257043
u257085
u257234
u257317
u257419
u25747
u257522
u25754
u25758
u257784
u258094
u258296
u2583
u258504
u258723
u25875
u258788
u259161
u259263
u25930
u259747
u259807
u260292
u260408
u260425
u26045
u26046
u26047
u260528
u260650
u260806
u26110
u261318
u261486
u261542
u261750
u262206
u262226
u262587
u262620
u26276
u26283
u263102
u263251
u263762
u264088
u264098
u26425
u264413
u2646
u264725
u264968
u265106
u26551
u265713
u265787
u265878
u265886
u265888
u26607
u26634
u26648
u266595
u266624
u266644
u26667
u26668
u26681
u26683
u26697
u266973
u267170
u26721
u267255
u267319
u26739
u267632
u26787
u26799
u26800
u26801
u26802
u268195
u26830
u26833
u268617
u268806
u268845
u268905
u269074
u269256
u269322
u26933
u269363
u269437
u26947
u26955
u269815
u270111
u270245
u270652
u270663
u270668
u270758
u270961
u271052
u271320
u271479
u271671
u271673
u271678
u271711
u271783
u271784
u271800
u271914
u271978
u271995
u272064
u272186
u272230
u272236
u272240
u272288
u272319
u27236
u272369
u272372
u272379
u272593
u272691
u272699
u272721
u272726
u272727
u27315
u273448
u273533
u273628
u274003
u2743
u274792
u274879
u274973
u274984
u275002
u275198
u275284
u27531
u275488
u275795
u276003
u276177
u27635
u276637
u276961
u276992
u277161
u27718
u277319
u27738
u277520
u277605
u277693
u277725
u27781
u277856
u277870
u278049
u278221
u278224
u278225
u278327
u278382
u278553
u27869
u2788
u278802
u278830
u278881
u279075
u279163
u279267
u2794
u279448
u279596
u279855
u279879
u279937
u279950
u279987
u2800
u280232
u280595
u280717
u28073
u28075
u28076
u28077
u280810
u280899
u281275
u28147
u281949
u2820
u28251
u28271
u282826
u283091
u2832
u28332
u283633
u28381
u283819
u283847
u283859
u283879
u283958
u284017
u284043
u284167
u28439
u284411
u284713
u284859
u284861
u284918
u285090
u285580
u285642
u28600
u28602
u286287
u286406
u286409
u286665
u286886
u287005
u287019
u287116
u287126
u287147
u28718
u287192
u287203
u287473
u287804
u288025
u288253
u288363
u288507
u288509
u288562
u288674
u288759
u288832
u288834
u288879
u289317
u289371
u289957
u290000
u290099
u29013
u290192
u290195
u29021
u290395
u2905
u291037
u291128
u291204
u291350
u291365
u291840
u291877
u292082
u292180
u2922
u292271
u292406
u292493
u292546
u292787
u292876
u293060
u293154
u293608
u2938
u293809
u293812
u293891
u294061
u294208
u294224
u294486
u294847
u295079
u295510
u295541
u29570
u295800
u295867
u29590
u295944
u29597
u29626
u296367
u296447
u296459
u296595
u2979
u29916
u2994
u30019
u30028
u30099
u30194
u30320
u3053
u3054
u3060
u3070
u30798
u3084
u3104
u31101
u31264
u31284
u31596
u3190
u3192
u32745
u3282
u32884
u3299
u33188
u3337
u3359
u33614
u3363
u339
u34098
u3428
u34291
u34418
u34543
u34565
u3458
u34581
u3459
u3466
u34747
u3475
u34755
u34757
u34758
u34764
u34987
u35060
u35063
u35350
u35431
u3565
u3568
u3582
u3607
u3620
u3625
u36354
u3644
u36932
u36946
u3716
u3773
u3783
u37860
u37901
u38478
u3852
u3856
u38944
u38973
u38995
u39057
u39064
u39067
u3926
u39365
u39407
u3998
u40101
u4012
u4033
u4074
u408
u4087
u4090
u4138
u41434
u41514
u41787
u41998
u4201
u42042
u4247
u4263
u42665
u4270
u42703
u42710
u42884
u4313
u43471
u43784
u4388
u44127
u4427
u44312
u4442
u4467
u44947
u44961
u44963
u45254
u45432
u4555
u4586
u4597
u4608
u463
u4684
u46917
u47016
u47072
u4716
u47300
u47344
u4783
u47831
u4791
u4792
u4811
u48715
u4877
u48860
u49119
u49127
u49148
u49180
u49437
u4944
u49811
u50429
u50439
u5051
u50796
u508
u50843
u5109
u511
u51108
u5122
u51923
u52098
u5222
u523
u52373
u5243
u5247
u5261
u52833
u5288
u5300
u53083
u53202
u5332
u53552
u53558
u5362
u53656
u53689
u53705
u53775
u53901
u5423
u54309
u54481
u54599
u5464
u54740
u54749
u54751
u54963
u5512
u5525
u5538
u55562
u5564
u5568
u5588
u56157
u56315
u56577
u5674
u5709
u5714
u57253
u5726
u5727
u5756
u5759
u5761
u5763
u5772
u57734
u57757
u57855
u5795
u5796
u5816
u58160
u5838
u58460
u58565
u58583
u5889
u5922
u59313
u59771
u5985
u59991
u60054
u60301
u6046
u60724
u6106
u6113
u61297
u6139
u6150
u6153
u6167
u61720
u61747
u6175
u6200
u62113
u6250
u6251
u6256
u62720
u6279
u62802
u6283
u6287
u62892
u6314
u6320
u6343
u63431
u6354
u6364
u6371
u63935
u64004
u64377
u6449
u64565
u6482
u6485
u6492
u65285
u65646
u6566
u65815
u66133
u66323
u6636
u66374
u66413
u666
u6660
u66738
u66802
u66984
u67029
u6715
u67160
u67305
u67337
u67349
u6795
u6801
u6824
u6827
u6870
u68720
u6876
u68842
u69047
u6908
u69351
u69529
u698
u69810
u69856
u6998
u7012
u7029
u7046
u7053
u70635
u7070
u71011
u7107
u71099
u71109
u71259
u71296
u71298
u713
u71425
u716
u7163
u71740
u71801
u7190
u7231
u7234
u72431
u72574
u72606
u729
u72933
u73008
u7324
u7330
u7334
u73405
u73411
u73476
u73497
u73567
u73747
u7392
u74200
u74223
u74824
u7483
u7487
u74955
u7521
u7527
u75277
u75282
u7530
u75421
u7557
u7589
u7590
u7604
u7611
u7624
u76305
u76392
u76574
u7701
u77086
u771
u77136
u77164
u77408
u7753
u7778
u78229
u7826
u785
u78538
u78567
u7860
u78790
u7913
u7921
u79287
u79294
u7951
u79622
u79631
u79843
u79966
u80034
u8004
u80097
u80221
u80246
u80301
u80690
u807
u8073
u8075
u80904
u8104
u81296
u8130
u8141
u8144
u81459
u81523
u8159
u81845
u8189
u82462
u82920
u83039
u83040
u83116
u83332
u83357
u8336
u83485
u83530
u83639
u8366
u83685
u8378
u8382
u83854
u8392
u83937
u84105
u84141
u8428
u84309
u84346
u8459
u84613
u84752
u84961
u85633
u85762
u85836
u85868
u86151
u86189
u86374
u86470
u86527
u86717
u86740
u86798
u86854
u87015
u87083
u87105
u8711
u8740
u87472
u87489
u87510
u877
u8784
u8807
u8843
u88643
u8895
u89331
u89488
u89822
u90423
u90590
u90827
u9103
u91167
u91185
u91191
u9151
u9163
u91826
u9190
u9192
u9193
u91946
u9198
u92054
u92251
u92405
u92445
u9263
u92814
u9300
u9302
u9303
u9305
u9310
u9325
u9341
u93427
u9372
u9380
u9382
u94184
u943
u94589
u9471
u9479
u94885
u949
u9507
u95111
u9524
u95410
u9544
u9545
u95813
u96084
u96103
u9621
u9637
u97200
u973
u97677
u98064
u9828
u98453
u99286
u9959
u99761
u9999
Parsed arguments:
Namespace(table=None, columns=None, query="SELECT * FROM palm_sra WHERE palm_id IN ('u100289','u100506','u10063','u100704','u100714','u100728','u10098','u10108','u10132','u101341','u101375','u10154','u10157','u101697','u101934','u102262','u10229','u102301','u102312','u10233','u102490','u102783','u10285','u102852','u102891','u10323','u10331','u103361','u10375','u1038','u103856','u10386','u10392','u10395','u10396','u10403','u104042','u10406','u104272','u104468','u104547','u104685','u104709','u104711','u104718','u10474','u104789','u10480','u104969','u105164','u105188','u105193','u105205','u10524','u105289','u105394','u105395','u105493','u105797','u10639','u106400','u10649','u10673','u106964','u107119','u107248','u107534','u107646','u107819','u107848','u107981','u107983','u108113','u108219','u108603','u10871','u108852','u108919','u109138','u109809','u11025','u110328','u110410','u110469','u11050','u11066','u110679','u110700','u11072','u11085','u11086','u111010','u11107','u11111','u11119','u111234','u111589','u111749','u111933','u11209','u112314','u112759','u1128','u112815','u112840','u112891','u112983','u11301','u113344','u11346','u11347','u11348','u113687','u113797','u11381','u113884','u113944','u113956','u114004','u11405','u114496','u114636','u11464','u114696','u114806','u11511','u115399','u11565','u115964','u115968','u116034','u11612','u11666','u116937','u1171','u117107','u117176','u117184','u11766','u11767','u11774','u117892','u117898','u117955','u11805','u11806','u11808','u118242','u118258','u118292','u118354','u11838','u118591','u118623','u118809','u118901','u118936','u11913','u119171','u119377','u119468','u119510','u119511','u11986','u120162','u120333','u120372','u120388','u120448','u120520','u12077','u120830','u12129','u12139','u12193','u12194','u12195','u12197','u12200','u12201','u12202','u12208','u12209','u122217','u122315','u12235','u12237','u12238','u12239','u122415','u12287','u123029','u12309','u123233','u12352','u12356','u12358','u12359','u124080','u12410','u124230','u124526','u124542','u12470','u124966','u12503','u12510','u125248','u125369','u125434','u125594','u125622','u125665','u125673','u12569','u126007','u1261','u126506','u126892','u12698','u12699','u126997','u127040','u12736','u12752','u127688','u127867','u127893','u1279','u128170','u12824','u12830','u12839','u12861','u128730','u12881','u12888','u12914','u12919','u12920','u129204','u12957','u129863','u130038','u130078','u130079','u13010','u13012','u130252','u130407','u13060','u13071','u13072','u13079','u13080','u130999','u131072','u13114','u131145','u131171','u1312','u13138','u13139','u13145','u13151','u13152','u13153','u131654','u13174','u13176','u13181','u131899','u132299','u132302','u132346','u132423','u132455','u132769','u132846','u13306','u13311','u133285','u133446','u133457','u13348','u133598','u13381','u133877','u13395','u134072','u13410','u134120','u134152','u13417','u134656','u134927','u13516','u135987','u136','u13606','u136156','u136182','u136338','u136412','u136427','u136652','u136770','u136997','u137170','u137284','u13736','u137490','u137503','u137528','u13784','u137845','u13797','u138023','u13832','u138550','u13859','u13860','u13863','u13866','u138716','u138851','u13913','u13914','u139172','u139211','u139233','u13926','u13934','u13935','u139648','u13981','u140045','u140154','u140174','u140223','u14041','u140479','u14059','u14060','u14064','u14066','u14067','u140715','u14072','u14079','u140858','u14094','u14095','u14096','u14109','u14111','u141184','u141425','u141656','u141774','u14193','u141971','u142088','u142200','u142448','u14246','u14250','u142509','u142512','u14255','u142719','u142795','u142808','u142891','u1430','u143012','u14347','u143514','u143643','u143752','u143754','u14380','u14381','u143902','u144172','u144200','u144375','u144475','u144530','u144533','u14457','u144737','u144789','u144942','u145013','u145119','u145220','u145358','u145412','u145437','u145478','u14555','u1456','u145621','u145705','u1459','u14590','u146374','u146479','u146560','u14662','u14669','u146799','u146971','u146984','u14715','u14728','u147347','u148432','u148471','u148624','u148871','u14910','u149122','u149194','u149195','u149302','u149559','u14989','u14994','u15008','u150382','u15048','u15067','u15074','u15076','u15091','u150935','u15099','u1510','u15104','u151043','u15141','u151639','u151703','u151763','u151775','u151807','u15193','u15194','u152022','u15206','u15223','u15234','u15243','u152499','u1525','u15251','u152704','u152874','u152930','u153087','u15311','u15354','u15390','u15412','u15421','u15435','u15438','u154752','u15487','u154952','u154990','u155058','u15582','u155820','u15586','u15598','u156057','u156128','u156250','u156501','u156598','u156779','u156923','u15694','u15695','u157102','u157277','u157446','u157457','u15749','u157515','u157548','u15759','u157668','u1581','u15832','u158438','u158644','u15898','u159010','u15979','u159951','u160194','u160203','u16022','u160243','u160253','u16026','u16031','u16035','u16036','u16038','u160417','u16075','u16082','u160835','u160875','u161280','u161620','u16181','u16187','u161903','u161909','u16228','u162297','u16292','u16307','u163080','u163519','u163577','u163602','u163606','u16364','u163645','u163685','u163726','u163727','u163765','u163851','u163938','u164025','u16403','u164039','u164091','u16410','u16416','u16459','u16469','u16486','u165043','u165398','u165416','u165527','u165864','u165999','u16613','u16615','u166380','u166582','u166780','u166787','u166789','u166802','u166860','u166882','u166921','u166931','u166948','u166964','u166981','u167018','u167038','u167048','u167056','u167124','u167170','u1674','u16740','u167636','u167651','u167722','u167741','u167809','u167852','u167993','u168018','u168064','u168120','u168124','u168130','u168160','u168292','u168324','u168481','u168536','u168545','u168588','u168658','u169068','u169287','u169312','u169354','u169519','u169631','u169647','u16966','u169706','u170010','u170031','u170053','u17034','u17054','u171021','u17127','u171389','u171742','u172014','u172097','u172117','u17229','u172308','u172440','u172497','u172522','u17260','u172614','u172630','u172705','u172731','u172883','u172966','u17297','u173005','u173056','u173095','u17313','u173280','u173321','u173428','u173520','u173554','u173587','u173598','u173613','u173631','u173657','u173714','u17376','u173961','u173970','u174018','u17407','u174091','u174098','u174202','u174387','u174404','u174418','u17447','u174492','u1745','u174521','u174542','u174645','u175029','u175105','u175621','u17569','u175727','u175777','u175795','u1759','u175936','u176258','u176754','u1769','u177296','u17737','u177449','u1775','u17752','u177569','u17767','u17774','u17775','u17776','u177781','u177845','u17814','u17830','u17831','u17832','u178358','u17896','u179119','u179149','u179308','u17945','u17947','u17958','u17959','u17960','u17972','u17975','u17979','u17992','u18029','u18030','u18031','u18033','u18037','u18077','u180784','u1808','u181037','u181356','u18138','u181455','u18151','u181541','u18180','u181834','u181948','u182001','u182128','u182290','u182364','u182506','u182759','u182775','u182920','u18295','u182953','u182968','u183009','u183388','u183675','u183748','u183752','u184230','u184232','u184240','u184258','u184357','u18437','u184395','u18451','u184540','u185154','u185208','u185305','u185349','u185462','u18548','u18549','u185627','u185772','u185850','u1862','u186479','u186558','u186653','u186680','u186752','u186841','u187035','u1871','u18711','u18714','u187515','u187605','u187711','u187878','u18795','u18822','u188280','u188404','u188490','u18850','u188591','u18863','u188756','u188854','u188949','u18930','u189387','u189412','u189417','u189543','u18966','u18973','u18974','u189747','u189762','u18982','u189846','u19000','u190189','u190282','u190323','u190366','u190457','u190493','u190498','u190980','u191261','u19133','u191379','u191785','u191968','u191970','u19199','u191995','u19209','u192101','u192221','u192283','u192303','u192634','u192715','u193057','u19306','u19309','u19330','u19333','u19335','u19336','u19337','u19341','u19342','u19354','u19355','u193950','u19419','u19428','u194295','u19444','u19446','u19454','u19455','u19459','u194780','u194794','u194833','u194897','u194923','u194940','u194946','u194970','u195079','u195286','u195287','u19551','u195526','u19553','u195539','u19555','u195564','u195591','u195599','u195600','u195607','u195609','u195610','u19565','u195696','u195708','u19581','u19623','u19630','u196610','u196651','u196669','u196694','u196726','u1968','u196862','u196887','u196923','u19738','u197391','u197416','u197678','u19771','u19772','u197817','u198168','u19820','u198217','u19831','u198358','u1984','u198440','u198456','u19896','u19910','u199168','u19929','u199336','u199414','u19942','u199487','u199644','u199705','u19974','u199750','u199772','u199954','u200110','u20013','u200232','u20024','u20055','u200646','u200726','u201183','u201233','u201251','u20141','u201562','u201594','u201918','u202','u202025','u2021','u202545','u202808','u20293','u203569','u20366','u203703','u203714','u203774','u203837','u203972','u204411','u20462','u20483','u20496','u20499','u205069','u2053','u20588','u205907','u205972','u206000','u20604','u206171','u20621','u20646','u20678','u206910','u20698','u207100','u207171','u207362','u20746','u20761','u20762','u20787','u20799','u20816','u20824','u20844','u208719','u208947','u209043','u209068','u209147','u209391','u209451','u209668','u209749','u20978','u21040','u21053','u21065','u2107','u210712','u210741','u21089','u21091','u21094','u21096','u21097','u21098','u21112','u211143','u21122','u211287','u21129','u21137','u211459','u21159','u211670','u212318','u212320','u212322','u212324','u212342','u212350','u21246','u21253','u21255','u21256','u212611','u212747','u212760','u212794','u212837','u213104','u21315','u213167','u21329','u213316','u21349','u21351','u21353','u21358','u213640','u21366','u21368','u21404','u21431','u21435','u214408','u214410','u21442','u21443','u21444','u214452','u214508','u21452','u214553','u214750','u214786','u214823','u21508','u21510','u215650','u215882','u2160','u21615','u21628','u21629','u21630','u216384','u21646','u21651','u21657','u21658','u216597','u216652','u216660','u216677','u216726','u216781','u216787','u217119','u217135','u217284','u217292','u217369','u217482','u217515','u217529','u217537','u217584','u21797','u218268','u21836','u218371','u218701','u218747','u2194','u219473','u2196','u219756','u21977','u219972','u220090','u2201','u220389','u220478','u221110','u221156','u2213','u22152','u221810','u222','u222127','u222132','u222167','u222244','u22235','u222649','u223462','u223862','u224235','u22435','u22465','u224664','u224706','u22499','u224993','u225006','u225426','u22557','u22558','u22559','u22561','u22565','u225745','u22582','u22590','u22591','u225979','u22602','u22603','u226032','u226070','u2261','u226417','u226748','u22678','u22686','u226888','u22690','u226984','u227461','u227634','u227788','u227875','u22800','u22801','u228035','u228369','u228438','u22862','u228707','u2290','u22902','u229130','u229145','u22938','u229518','u22959','u22968','u229719','u22972','u22974','u229784','u229859','u229879','u230264','u230291','u230439','u230458','u230459','u230652','u23069','u23128','u231338','u231638','u231900','u231903','u23208','u232259','u23233','u23257','u232706','u232820','u233183','u233606','u233825','u233869','u233878','u23396','u23401','u234050','u234061','u23407','u234195','u23436','u234465','u234621','u23467','u234682','u23469','u234801','u235175','u23568','u235693','u235811','u235840','u235853','u23609','u236191','u236237','u236270','u236552','u236565','u23701','u237014','u23702','u237118','u23726','u23727','u237289','u23731','u23733','u23734','u23735','u237378','u237409','u237503','u23752','u237544','u23767','u23768','u237788','u23783','u237833','u237893','u237997','u2380','u238112','u238254','u238350','u238553','u23859','u23861','u238652','u2387','u23872','u238795','u2388','u238867','u238946','u238952','u23927','u239280','u239398','u239404','u239488','u239491','u239520','u240101','u240613','u240738','u241012','u241316','u241319','u24166','u241892','u241993','u242099','u242495','u242550','u24258','u24259','u242679','u242790','u24280','u243089','u24349','u243612','u24371','u24372','u243781','u243820','u24388','u244044','u24426','u244363','u244512','u244611','u24483','u244904','u24493','u24506','u24512','u2452','u24571','u246022','u246238','u24634','u246380','u246464','u2466','u24666','u246721','u24705','u2474','u24743','u24752','u24795','u247974','u247986','u248067','u24846','u24850','u248620','u248727','u24898','u24921','u24953','u249583','u249647','u24969','u249703','u249791','u24985','u24995','u24998','u24999','u249998','u25008','u25009','u250092','u250135','u25014','u250196','u250230','u25038','u250421','u250556','u250628','u250669','u250775','u25116','u251247','u251420','u25167','u251672','u25168','u25169','u25189','u251905','u251981','u252','u25202','u25203','u25207','u25210','u25213','u252142','u252221','u252380','u25241','u252456','u252533','u252560','u252570','u25265','u252970','u2531','u253347','u25349','u25350','u25351','u253519','u253528','u253647','u253767','u25379','u253886','u2539','u253905','u254123','u25414','u25415','u25416','u254178','u25418','u254216','u254382','u254417','u254419','u25458','u254585','u25472','u25481','u254860','u254926','u255007','u25509','u25512','u25553','u255658','u255784','u25583','u25643','u256519','u256587','u256766','u256822','u256908','u256935','u256950','u2570','u257043','u257085','u257234','u257317','u257419','u25747','u257522','u25754','u25758','u257784','u258094','u258296','u2583','u258504','u258723','u25875','u258788','u259161','u259263','u25930','u259747','u259807','u260292','u260408','u260425','u26045','u26046','u26047','u260528','u260650','u260806','u26110','u261318','u261486','u261542','u261750','u262206','u262226','u262587','u262620','u26276','u26283','u263102','u263251','u263762','u264088','u264098','u26425','u264413','u2646','u264725','u264968','u265106','u26551','u265713','u265787','u265878','u265886','u265888','u26607','u26634','u26648','u266595','u266624','u266644','u26667','u26668','u26681','u26683','u26697','u266973','u267170','u26721','u267255','u267319','u26739','u267632','u26787','u26799','u26800','u26801','u26802','u268195','u26830','u26833','u268617','u268806','u268845','u268905','u269074','u269256','u269322','u26933','u269363','u269437','u26947','u26955','u269815','u270111','u270245','u270652','u270663','u270668','u270758','u270961','u271052','u271320','u271479','u271671','u271673','u271678','u271711','u271783','u271784','u271800','u271914','u271978','u271995','u272064','u272186','u272230','u272236','u272240','u272288','u272319','u27236','u272369','u272372','u272379','u272593','u272691','u272699','u272721','u272726','u272727','u27315','u273448','u273533','u273628','u274003','u2743','u274792','u274879','u274973','u274984','u275002','u275198','u275284','u27531','u275488','u275795','u276003','u276177','u27635','u276637','u276961','u276992','u277161','u27718','u277319','u27738','u277520','u277605','u277693','u277725','u27781','u277856','u277870','u278049','u278221','u278224','u278225','u278327','u278382','u278553','u27869','u2788','u278802','u278830','u278881','u279075','u279163','u279267','u2794','u279448','u279596','u279855','u279879','u279937','u279950','u279987','u2800','u280232','u280595','u280717','u28073','u28075','u28076','u28077','u280810','u280899','u281275','u28147','u281949','u2820','u28251','u28271','u282826','u283091','u2832','u28332','u283633','u28381','u283819','u283847','u283859','u283879','u283958','u284017','u284043','u284167','u28439','u284411','u284713','u284859','u284861','u284918','u285090','u285580','u285642','u28600','u28602','u286287','u286406','u286409','u286665','u286886','u287005','u287019','u287116','u287126','u287147','u28718','u287192','u287203','u287473','u287804','u288025','u288253','u288363','u288507','u288509','u288562','u288674','u288759','u288832','u288834','u288879','u289317','u289371','u289957','u290000','u290099','u29013','u290192','u290195','u29021','u290395','u2905','u291037','u291128','u291204','u291350','u291365','u291840','u291877','u292082','u292180','u2922','u292271','u292406','u292493','u292546','u292787','u292876','u293060','u293154','u293608','u2938','u293809','u293812','u293891','u294061','u294208','u294224','u294486','u294847','u295079','u295510','u295541','u29570','u295800','u295867','u29590','u295944','u29597','u29626','u296367','u296447','u296459','u296595','u2979','u29916','u2994','u30019','u30028','u30099','u30194','u30320','u3053','u3054','u3060','u3070','u30798','u3084','u3104','u31101','u31264','u31284','u31596','u3190','u3192','u32745','u3282','u32884','u3299','u33188','u3337','u3359','u33614','u3363','u339','u34098','u3428','u34291','u34418','u34543','u34565','u3458','u34581','u3459','u3466','u34747','u3475','u34755','u34757','u34758','u34764','u34987','u35060','u35063','u35350','u35431','u3565','u3568','u3582','u3607','u3620','u3625','u36354','u3644','u36932','u36946','u3716','u3773','u3783','u37860','u37901','u38478','u3852','u3856','u38944','u38973','u38995','u39057','u39064','u39067','u3926','u39365','u39407','u3998','u40101','u4012','u4033','u4074','u408','u4087','u4090','u4138','u41434','u41514','u41787','u41998','u4201','u42042','u4247','u4263','u42665','u4270','u42703','u42710','u42884','u4313','u43471','u43784','u4388','u44127','u4427','u44312','u4442','u4467','u44947','u44961','u44963','u45254','u45432','u4555','u4586','u4597','u4608','u463','u4684','u46917','u47016','u47072','u4716','u47300','u47344','u4783','u47831','u4791','u4792','u4811','u48715','u4877','u48860','u49119','u49127','u49148','u49180','u49437','u4944','u49811','u50429','u50439','u5051','u50796','u508','u50843','u5109','u511','u51108','u5122','u51923','u52098','u5222','u523','u52373','u5243','u5247','u5261','u52833','u5288','u5300','u53083','u53202','u5332','u53552','u53558','u5362','u53656','u53689','u53705','u53775','u53901','u5423','u54309','u54481','u54599','u5464','u54740','u54749','u54751','u54963','u5512','u5525','u5538','u55562','u5564','u5568','u5588','u56157','u56315','u56577','u5674','u5709','u5714','u57253','u5726','u5727','u5756','u5759','u5761','u5763','u5772','u57734','u57757','u57855','u5795','u5796','u5816','u58160','u5838','u58460','u58565','u58583','u5889','u5922','u59313','u59771','u5985','u59991','u60054','u60301','u6046','u60724','u6106','u6113','u61297','u6139','u6150','u6153','u6167','u61720','u61747','u6175','u6200','u62113','u6250','u6251','u6256','u62720','u6279','u62802','u6283','u6287','u62892','u6314','u6320','u6343','u63431','u6354','u6364','u6371','u63935','u64004','u64377','u6449','u64565','u6482','u6485','u6492','u65285','u65646','u6566','u65815','u66133','u66323','u6636','u66374','u66413','u666','u6660','u66738','u66802','u66984','u67029','u6715','u67160','u67305','u67337','u67349','u6795','u6801','u6824','u6827','u6870','u68720','u6876','u68842','u69047','u6908','u69351','u69529','u698','u69810','u69856','u6998','u7012','u7029','u7046','u7053','u70635','u7070','u71011','u7107','u71099','u71109','u71259','u71296','u71298','u713','u71425','u716','u7163','u71740','u71801','u7190','u7231','u7234','u72431','u72574','u72606','u729','u72933','u73008','u7324','u7330','u7334','u73405','u73411','u73476','u73497','u73567','u73747','u7392','u74200','u74223','u74824','u7483','u7487','u74955','u7521','u7527','u75277','u75282','u7530','u75421','u7557','u7589','u7590','u7604','u7611','u7624','u76305','u76392','u76574','u7701','u77086','u771','u77136','u77164','u77408','u7753','u7778','u78229','u7826','u785','u78538','u78567','u7860','u78790','u7913','u7921','u79287','u79294','u7951','u79622','u79631','u79843','u79966','u80034','u8004','u80097','u80221','u80246','u80301','u80690','u807','u8073','u8075','u80904','u8104','u81296','u8130','u8141','u8144','u81459','u81523','u8159','u81845','u8189','u82462','u82920','u83039','u83040','u83116','u83332','u83357','u8336','u83485','u83530','u83639','u8366','u83685','u8378','u8382','u83854','u8392','u83937','u84105','u84141','u8428','u84309','u84346','u8459','u84613','u84752','u84961','u85633','u85762','u85836','u85868','u86151','u86189','u86374','u86470','u86527','u86717','u86740','u86798','u86854','u87015','u87083','u87105','u8711','u8740','u87472','u87489','u87510','u877','u8784','u8807','u8843','u88643','u8895','u89331','u89488','u89822','u90423','u90590','u90827','u9103','u91167','u91185','u91191','u9151','u9163','u91826','u9190','u9192','u9193','u91946','u9198','u92054','u92251','u92405','u92445','u9263','u92814','u9300','u9302','u9303','u9305','u9310','u9325','u9341','u93427','u9372','u9380','u9382','u94184','u943','u94589','u9471','u9479','u94885','u949','u9507','u95111','u9524','u95410','u9544','u9545','u95813','u96084','u96103','u9621','u9637','u97200','u973','u97677','u98064','u9828','u98453','u99286','u9959','u99761','u9999')", output='/home/people/fitzpatria/scratch/Serratus/data/SRA_palm_id/phenuiviridae_sra_accessions.txt', value_list=None)
Successfully connected to Serratus 🗻
Executing query:
SELECT * FROM palm_sra WHERE palm_id IN ('u100289','u100506','u10063','u100704','u100714','u100728','u10098','u10108','u10132','u101341','u101375','u10154','u10157','u101697','u101934','u102262','u10229','u102301','u102312','u10233','u102490','u102783','u10285','u102852','u102891','u10323','u10331','u103361','u10375','u1038','u103856','u10386','u10392','u10395','u10396','u10403','u104042','u10406','u104272','u104468','u104547','u104685','u104709','u104711','u104718','u10474','u104789','u10480','u104969','u105164','u105188','u105193','u105205','u10524','u105289','u105394','u105395','u105493','u105797','u10639','u106400','u10649','u10673','u106964','u107119','u107248','u107534','u107646','u107819','u107848','u107981','u107983','u108113','u108219','u108603','u10871','u108852','u108919','u109138','u109809','u11025','u110328','u110410','u110469','u11050','u11066','u110679','u110700','u11072','u11085','u11086','u111010','u11107','u11111','u11119','u111234','u111589','u111749','u111933','u11209','u112314','u112759','u1128','u112815','u112840','u112891','u112983','u11301','u113344','u11346','u11347','u11348','u113687','u113797','u11381','u113884','u113944','u113956','u114004','u11405','u114496','u114636','u11464','u114696','u114806','u11511','u115399','u11565','u115964','u115968','u116034','u11612','u11666','u116937','u1171','u117107','u117176','u117184','u11766','u11767','u11774','u117892','u117898','u117955','u11805','u11806','u11808','u118242','u118258','u118292','u118354','u11838','u118591','u118623','u118809','u118901','u118936','u11913','u119171','u119377','u119468','u119510','u119511','u11986','u120162','u120333','u120372','u120388','u120448','u120520','u12077','u120830','u12129','u12139','u12193','u12194','u12195','u12197','u12200','u12201','u12202','u12208','u12209','u122217','u122315','u12235','u12237','u12238','u12239','u122415','u12287','u123029','u12309','u123233','u12352','u12356','u12358','u12359','u124080','u12410','u124230','u124526','u124542','u12470','u124966','u12503','u12510','u125248','u125369','u125434','u125594','u125622','u125665','u125673','u12569','u126007','u1261','u126506','u126892','u12698','u12699','u126997','u127040','u12736','u12752','u127688','u127867','u127893','u1279','u128170','u12824','u12830','u12839','u12861','u128730','u12881','u12888','u12914','u12919','u12920','u129204','u12957','u129863','u130038','u130078','u130079','u13010','u13012','u130252','u130407','u13060','u13071','u13072','u13079','u13080','u130999','u131072','u13114','u131145','u131171','u1312','u13138','u13139','u13145','u13151','u13152','u13153','u131654','u13174','u13176','u13181','u131899','u132299','u132302','u132346','u132423','u132455','u132769','u132846','u13306','u13311','u133285','u133446','u133457','u13348','u133598','u13381','u133877','u13395','u134072','u13410','u134120','u134152','u13417','u134656','u134927','u13516','u135987','u136','u13606','u136156','u136182','u136338','u136412','u136427','u136652','u136770','u136997','u137170','u137284','u13736','u137490','u137503','u137528','u13784','u137845','u13797','u138023','u13832','u138550','u13859','u13860','u13863','u13866','u138716','u138851','u13913','u13914','u139172','u139211','u139233','u13926','u13934','u13935','u139648','u13981','u140045','u140154','u140174','u140223','u14041','u140479','u14059','u14060','u14064','u14066','u14067','u140715','u14072','u14079','u140858','u14094','u14095','u14096','u14109','u14111','u141184','u141425','u141656','u141774','u14193','u141971','u142088','u142200','u142448','u14246','u14250','u142509','u142512','u14255','u142719','u142795','u142808','u142891','u1430','u143012','u14347','u143514','u143643','u143752','u143754','u14380','u14381','u143902','u144172','u144200','u144375','u144475','u144530','u144533','u14457','u144737','u144789','u144942','u145013','u145119','u145220','u145358','u145412','u145437','u145478','u14555','u1456','u145621','u145705','u1459','u14590','u146374','u146479','u146560','u14662','u14669','u146799','u146971','u146984','u14715','u14728','u147347','u148432','u148471','u148624','u148871','u14910','u149122','u149194','u149195','u149302','u149559','u14989','u14994','u15008','u150382','u15048','u15067','u15074','u15076','u15091','u150935','u15099','u1510','u15104','u151043','u15141','u151639','u151703','u151763','u151775','u151807','u15193','u15194','u152022','u15206','u15223','u15234','u15243','u152499','u1525','u15251','u152704','u152874','u152930','u153087','u15311','u15354','u15390','u15412','u15421','u15435','u15438','u154752','u15487','u154952','u154990','u155058','u15582','u155820','u15586','u15598','u156057','u156128','u156250','u156501','u156598','u156779','u156923','u15694','u15695','u157102','u157277','u157446','u157457','u15749','u157515','u157548','u15759','u157668','u1581','u15832','u158438','u158644','u15898','u159010','u15979','u159951','u160194','u160203','u16022','u160243','u160253','u16026','u16031','u16035','u16036','u16038','u160417','u16075','u16082','u160835','u160875','u161280','u161620','u16181','u16187','u161903','u161909','u16228','u162297','u16292','u16307','u163080','u163519','u163577','u163602','u163606','u16364','u163645','u163685','u163726','u163727','u163765','u163851','u163938','u164025','u16403','u164039','u164091','u16410','u16416','u16459','u16469','u16486','u165043','u165398','u165416','u165527','u165864','u165999','u16613','u16615','u166380','u166582','u166780','u166787','u166789','u166802','u166860','u166882','u166921','u166931','u166948','u166964','u166981','u167018','u167038','u167048','u167056','u167124','u167170','u1674','u16740','u167636','u167651','u167722','u167741','u167809','u167852','u167993','u168018','u168064','u168120','u168124','u168130','u168160','u168292','u168324','u168481','u168536','u168545','u168588','u168658','u169068','u169287','u169312','u169354','u169519','u169631','u169647','u16966','u169706','u170010','u170031','u170053','u17034','u17054','u171021','u17127','u171389','u171742','u172014','u172097','u172117','u17229','u172308','u172440','u172497','u172522','u17260','u172614','u172630','u172705','u172731','u172883','u172966','u17297','u173005','u173056','u173095','u17313','u173280','u173321','u173428','u173520','u173554','u173587','u173598','u173613','u173631','u173657','u173714','u17376','u173961','u173970','u174018','u17407','u174091','u174098','u174202','u174387','u174404','u174418','u17447','u174492','u1745','u174521','u174542','u174645','u175029','u175105','u175621','u17569','u175727','u175777','u175795','u1759','u175936','u176258','u176754','u1769','u177296','u17737','u177449','u1775','u17752','u177569','u17767','u17774','u17775','u17776','u177781','u177845','u17814','u17830','u17831','u17832','u178358','u17896','u179119','u179149','u179308','u17945','u17947','u17958','u17959','u17960','u17972','u17975','u17979','u17992','u18029','u18030','u18031','u18033','u18037','u18077','u180784','u1808','u181037','u181356','u18138','u181455','u18151','u181541','u18180','u181834','u181948','u182001','u182128','u182290','u182364','u182506','u182759','u182775','u182920','u18295','u182953','u182968','u183009','u183388','u183675','u183748','u183752','u184230','u184232','u184240','u184258','u184357','u18437','u184395','u18451','u184540','u185154','u185208','u185305','u185349','u185462','u18548','u18549','u185627','u185772','u185850','u1862','u186479','u186558','u186653','u186680','u186752','u186841','u187035','u1871','u18711','u18714','u187515','u187605','u187711','u187878','u18795','u18822','u188280','u188404','u188490','u18850','u188591','u18863','u188756','u188854','u188949','u18930','u189387','u189412','u189417','u189543','u18966','u18973','u18974','u189747','u189762','u18982','u189846','u19000','u190189','u190282','u190323','u190366','u190457','u190493','u190498','u190980','u191261','u19133','u191379','u191785','u191968','u191970','u19199','u191995','u19209','u192101','u192221','u192283','u192303','u192634','u192715','u193057','u19306','u19309','u19330','u19333','u19335','u19336','u19337','u19341','u19342','u19354','u19355','u193950','u19419','u19428','u194295','u19444','u19446','u19454','u19455','u19459','u194780','u194794','u194833','u194897','u194923','u194940','u194946','u194970','u195079','u195286','u195287','u19551','u195526','u19553','u195539','u19555','u195564','u195591','u195599','u195600','u195607','u195609','u195610','u19565','u195696','u195708','u19581','u19623','u19630','u196610','u196651','u196669','u196694','u196726','u1968','u196862','u196887','u196923','u19738','u197391','u197416','u197678','u19771','u19772','u197817','u198168','u19820','u198217','u19831','u198358','u1984','u198440','u198456','u19896','u19910','u199168','u19929','u199336','u199414','u19942','u199487','u199644','u199705','u19974','u199750','u199772','u199954','u200110','u20013','u200232','u20024','u20055','u200646','u200726','u201183','u201233','u201251','u20141','u201562','u201594','u201918','u202','u202025','u2021','u202545','u202808','u20293','u203569','u20366','u203703','u203714','u203774','u203837','u203972','u204411','u20462','u20483','u20496','u20499','u205069','u2053','u20588','u205907','u205972','u206000','u20604','u206171','u20621','u20646','u20678','u206910','u20698','u207100','u207171','u207362','u20746','u20761','u20762','u20787','u20799','u20816','u20824','u20844','u208719','u208947','u209043','u209068','u209147','u209391','u209451','u209668','u209749','u20978','u21040','u21053','u21065','u2107','u210712','u210741','u21089','u21091','u21094','u21096','u21097','u21098','u21112','u211143','u21122','u211287','u21129','u21137','u211459','u21159','u211670','u212318','u212320','u212322','u212324','u212342','u212350','u21246','u21253','u21255','u21256','u212611','u212747','u212760','u212794','u212837','u213104','u21315','u213167','u21329','u213316','u21349','u21351','u21353','u21358','u213640','u21366','u21368','u21404','u21431','u21435','u214408','u214410','u21442','u21443','u21444','u214452','u214508','u21452','u214553','u214750','u214786','u214823','u21508','u21510','u215650','u215882','u2160','u21615','u21628','u21629','u21630','u216384','u21646','u21651','u21657','u21658','u216597','u216652','u216660','u216677','u216726','u216781','u216787','u217119','u217135','u217284','u217292','u217369','u217482','u217515','u217529','u217537','u217584','u21797','u218268','u21836','u218371','u218701','u218747','u2194','u219473','u2196','u219756','u21977','u219972','u220090','u2201','u220389','u220478','u221110','u221156','u2213','u22152','u221810','u222','u222127','u222132','u222167','u222244','u22235','u222649','u223462','u223862','u224235','u22435','u22465','u224664','u224706','u22499','u224993','u225006','u225426','u22557','u22558','u22559','u22561','u22565','u225745','u22582','u22590','u22591','u225979','u22602','u22603','u226032','u226070','u2261','u226417','u226748','u22678','u22686','u226888','u22690','u226984','u227461','u227634','u227788','u227875','u22800','u22801','u228035','u228369','u228438','u22862','u228707','u2290','u22902','u229130','u229145','u22938','u229518','u22959','u22968','u229719','u22972','u22974','u229784','u229859','u229879','u230264','u230291','u230439','u230458','u230459','u230652','u23069','u23128','u231338','u231638','u231900','u231903','u23208','u232259','u23233','u23257','u232706','u232820','u233183','u233606','u233825','u233869','u233878','u23396','u23401','u234050','u234061','u23407','u234195','u23436','u234465','u234621','u23467','u234682','u23469','u234801','u235175','u23568','u235693','u235811','u235840','u235853','u23609','u236191','u236237','u236270','u236552','u236565','u23701','u237014','u23702','u237118','u23726','u23727','u237289','u23731','u23733','u23734','u23735','u237378','u237409','u237503','u23752','u237544','u23767','u23768','u237788','u23783','u237833','u237893','u237997','u2380','u238112','u238254','u238350','u238553','u23859','u23861','u238652','u2387','u23872','u238795','u2388','u238867','u238946','u238952','u23927','u239280','u239398','u239404','u239488','u239491','u239520','u240101','u240613','u240738','u241012','u241316','u241319','u24166','u241892','u241993','u242099','u242495','u242550','u24258','u24259','u242679','u242790','u24280','u243089','u24349','u243612','u24371','u24372','u243781','u243820','u24388','u244044','u24426','u244363','u244512','u244611','u24483','u244904','u24493','u24506','u24512','u2452','u24571','u246022','u246238','u24634','u246380','u246464','u2466','u24666','u246721','u24705','u2474','u24743','u24752','u24795','u247974','u247986','u248067','u24846','u24850','u248620','u248727','u24898','u24921','u24953','u249583','u249647','u24969','u249703','u249791','u24985','u24995','u24998','u24999','u249998','u25008','u25009','u250092','u250135','u25014','u250196','u250230','u25038','u250421','u250556','u250628','u250669','u250775','u25116','u251247','u251420','u25167','u251672','u25168','u25169','u25189','u251905','u251981','u252','u25202','u25203','u25207','u25210','u25213','u252142','u252221','u252380','u25241','u252456','u252533','u252560','u252570','u25265','u252970','u2531','u253347','u25349','u25350','u25351','u253519','u253528','u253647','u253767','u25379','u253886','u2539','u253905','u254123','u25414','u25415','u25416','u254178','u25418','u254216','u254382','u254417','u254419','u25458','u254585','u25472','u25481','u254860','u254926','u255007','u25509','u25512','u25553','u255658','u255784','u25583','u25643','u256519','u256587','u256766','u256822','u256908','u256935','u256950','u2570','u257043','u257085','u257234','u257317','u257419','u25747','u257522','u25754','u25758','u257784','u258094','u258296','u2583','u258504','u258723','u25875','u258788','u259161','u259263','u25930','u259747','u259807','u260292','u260408','u260425','u26045','u26046','u26047','u260528','u260650','u260806','u26110','u261318','u261486','u261542','u261750','u262206','u262226','u262587','u262620','u26276','u26283','u263102','u263251','u263762','u264088','u264098','u26425','u264413','u2646','u264725','u264968','u265106','u26551','u265713','u265787','u265878','u265886','u265888','u26607','u26634','u26648','u266595','u266624','u266644','u26667','u26668','u26681','u26683','u26697','u266973','u267170','u26721','u267255','u267319','u26739','u267632','u26787','u26799','u26800','u26801','u26802','u268195','u26830','u26833','u268617','u268806','u268845','u268905','u269074','u269256','u269322','u26933','u269363','u269437','u26947','u26955','u269815','u270111','u270245','u270652','u270663','u270668','u270758','u270961','u271052','u271320','u271479','u271671','u271673','u271678','u271711','u271783','u271784','u271800','u271914','u271978','u271995','u272064','u272186','u272230','u272236','u272240','u272288','u272319','u27236','u272369','u272372','u272379','u272593','u272691','u272699','u272721','u272726','u272727','u27315','u273448','u273533','u273628','u274003','u2743','u274792','u274879','u274973','u274984','u275002','u275198','u275284','u27531','u275488','u275795','u276003','u276177','u27635','u276637','u276961','u276992','u277161','u27718','u277319','u27738','u277520','u277605','u277693','u277725','u27781','u277856','u277870','u278049','u278221','u278224','u278225','u278327','u278382','u278553','u27869','u2788','u278802','u278830','u278881','u279075','u279163','u279267','u2794','u279448','u279596','u279855','u279879','u279937','u279950','u279987','u2800','u280232','u280595','u280717','u28073','u28075','u28076','u28077','u280810','u280899','u281275','u28147','u281949','u2820','u28251','u28271','u282826','u283091','u2832','u28332','u283633','u28381','u283819','u283847','u283859','u283879','u283958','u284017','u284043','u284167','u28439','u284411','u284713','u284859','u284861','u284918','u285090','u285580','u285642','u28600','u28602','u286287','u286406','u286409','u286665','u286886','u287005','u287019','u287116','u287126','u287147','u28718','u287192','u287203','u287473','u287804','u288025','u288253','u288363','u288507','u288509','u288562','u288674','u288759','u288832','u288834','u288879','u289317','u289371','u289957','u290000','u290099','u29013','u290192','u290195','u29021','u290395','u2905','u291037','u291128','u291204','u291350','u291365','u291840','u291877','u292082','u292180','u2922','u292271','u292406','u292493','u292546','u292787','u292876','u293060','u293154','u293608','u2938','u293809','u293812','u293891','u294061','u294208','u294224','u294486','u294847','u295079','u295510','u295541','u29570','u295800','u295867','u29590','u295944','u29597','u29626','u296367','u296447','u296459','u296595','u2979','u29916','u2994','u30019','u30028','u30099','u30194','u30320','u3053','u3054','u3060','u3070','u30798','u3084','u3104','u31101','u31264','u31284','u31596','u3190','u3192','u32745','u3282','u32884','u3299','u33188','u3337','u3359','u33614','u3363','u339','u34098','u3428','u34291','u34418','u34543','u34565','u3458','u34581','u3459','u3466','u34747','u3475','u34755','u34757','u34758','u34764','u34987','u35060','u35063','u35350','u35431','u3565','u3568','u3582','u3607','u3620','u3625','u36354','u3644','u36932','u36946','u3716','u3773','u3783','u37860','u37901','u38478','u3852','u3856','u38944','u38973','u38995','u39057','u39064','u39067','u3926','u39365','u39407','u3998','u40101','u4012','u4033','u4074','u408','u4087','u4090','u4138','u41434','u41514','u41787','u41998','u4201','u42042','u4247','u4263','u42665','u4270','u42703','u42710','u42884','u4313','u43471','u43784','u4388','u44127','u4427','u44312','u4442','u4467','u44947','u44961','u44963','u45254','u45432','u4555','u4586','u4597','u4608','u463','u4684','u46917','u47016','u47072','u4716','u47300','u47344','u4783','u47831','u4791','u4792','u4811','u48715','u4877','u48860','u49119','u49127','u49148','u49180','u49437','u4944','u49811','u50429','u50439','u5051','u50796','u508','u50843','u5109','u511','u51108','u5122','u51923','u52098','u5222','u523','u52373','u5243','u5247','u5261','u52833','u5288','u5300','u53083','u53202','u5332','u53552','u53558','u5362','u53656','u53689','u53705','u53775','u53901','u5423','u54309','u54481','u54599','u5464','u54740','u54749','u54751','u54963','u5512','u5525','u5538','u55562','u5564','u5568','u5588','u56157','u56315','u56577','u5674','u5709','u5714','u57253','u5726','u5727','u5756','u5759','u5761','u5763','u5772','u57734','u57757','u57855','u5795','u5796','u5816','u58160','u5838','u58460','u58565','u58583','u5889','u5922','u59313','u59771','u5985','u59991','u60054','u60301','u6046','u60724','u6106','u6113','u61297','u6139','u6150','u6153','u6167','u61720','u61747','u6175','u6200','u62113','u6250','u6251','u6256','u62720','u6279','u62802','u6283','u6287','u62892','u6314','u6320','u6343','u63431','u6354','u6364','u6371','u63935','u64004','u64377','u6449','u64565','u6482','u6485','u6492','u65285','u65646','u6566','u65815','u66133','u66323','u6636','u66374','u66413','u666','u6660','u66738','u66802','u66984','u67029','u6715','u67160','u67305','u67337','u67349','u6795','u6801','u6824','u6827','u6870','u68720','u6876','u68842','u69047','u6908','u69351','u69529','u698','u69810','u69856','u6998','u7012','u7029','u7046','u7053','u70635','u7070','u71011','u7107','u71099','u71109','u71259','u71296','u71298','u713','u71425','u716','u7163','u71740','u71801','u7190','u7231','u7234','u72431','u72574','u72606','u729','u72933','u73008','u7324','u7330','u7334','u73405','u73411','u73476','u73497','u73567','u73747','u7392','u74200','u74223','u74824','u7483','u7487','u74955','u7521','u7527','u75277','u75282','u7530','u75421','u7557','u7589','u7590','u7604','u7611','u7624','u76305','u76392','u76574','u7701','u77086','u771','u77136','u77164','u77408','u7753','u7778','u78229','u7826','u785','u78538','u78567','u7860','u78790','u7913','u7921','u79287','u79294','u7951','u79622','u79631','u79843','u79966','u80034','u8004','u80097','u80221','u80246','u80301','u80690','u807','u8073','u8075','u80904','u8104','u81296','u8130','u8141','u8144','u81459','u81523','u8159','u81845','u8189','u82462','u82920','u83039','u83040','u83116','u83332','u83357','u8336','u83485','u83530','u83639','u8366','u83685','u8378','u8382','u83854','u8392','u83937','u84105','u84141','u8428','u84309','u84346','u8459','u84613','u84752','u84961','u85633','u85762','u85836','u85868','u86151','u86189','u86374','u86470','u86527','u86717','u86740','u86798','u86854','u87015','u87083','u87105','u8711','u8740','u87472','u87489','u87510','u877','u8784','u8807','u8843','u88643','u8895','u89331','u89488','u89822','u90423','u90590','u90827','u9103','u91167','u91185','u91191','u9151','u9163','u91826','u9190','u9192','u9193','u91946','u9198','u92054','u92251','u92405','u92445','u9263','u92814','u9300','u9302','u9303','u9305','u9310','u9325','u9341','u93427','u9372','u9380','u9382','u94184','u943','u94589','u9471','u9479','u94885','u949','u9507','u95111','u9524','u95410','u9544','u9545','u95813','u96084','u96103','u9621','u9637','u97200','u973','u97677','u98064','u9828','u98453','u99286','u9959','u99761','u9999')
Head of the DataFrame:
    row_id  ... qc_pass
0  2045684  ...    True
1  1986756  ...    True
2  1987768  ...   False
3  2043389  ...   False
4  2063781  ...   False

[5 rows x 17 columns]
Query results saved to /home/people/fitzpatria/scratch/Serratus/data/SRA_palm_id/phenuiviridae_sra_accessions.txt
Query for all sOTUs in phenuiviridae completed successfully.
Extracting sOTUs from /home/people/fitzpatria/scratch/Serratus/data/sOTUs_Serratus/peribunyaviride_palmdb_filtered.b6...
Done.
Removing duplicate sOTUs...
Done.
Unique sOTUs for peribunyaviride: u10326
u10461
u10476
u10488
u10886
u10895
u11288
u113862
u13031
u13402
u13871
u13996
u14583
u14928
u15307
u1546
u15461
u163955
u166755
u169263
u17151
u172701
u17968
u18014
u183425
u18465
u186670
u18951
u192205
u192821
u19609
u20533
u21753
u222041
u22569
u23092
u23458
u238796
u240784
u243421
u24918
u25578
u25638
u25786
u25863
u26728
u267417
u26866
u26932
u27279
u275
u275503
u278068
u287032
u291827
u30786
u3131
u3189
u3255
u3310
u3463
u39792
u4232
u42494
u43015
u4873
u52716
u53520
u5534
u5645
u5725
u58367
u60158
u6350
u6369
u7936
u8236
u8298
u83714
u8652
u9030
u9858
Parsed arguments:
Namespace(table=None, columns=None, query="SELECT * FROM palm_sra WHERE palm_id IN ('u10326','u10461','u10476','u10488','u10886','u10895','u11288','u113862','u13031','u13402','u13871','u13996','u14583','u14928','u15307','u1546','u15461','u163955','u166755','u169263','u17151','u172701','u17968','u18014','u183425','u18465','u186670','u18951','u192205','u192821','u19609','u20533','u21753','u222041','u22569','u23092','u23458','u238796','u240784','u243421','u24918','u25578','u25638','u25786','u25863','u26728','u267417','u26866','u26932','u27279','u275','u275503','u278068','u287032','u291827','u30786','u3131','u3189','u3255','u3310','u3463','u39792','u4232','u42494','u43015','u4873','u52716','u53520','u5534','u5645','u5725','u58367','u60158','u6350','u6369','u7936','u8236','u8298','u83714','u8652','u9030','u9858')", output='/home/people/fitzpatria/scratch/Serratus/data/SRA_palm_id/peribunyaviride_sra_accessions.txt', value_list=None)
Successfully connected to Serratus 🗻
Executing query:
SELECT * FROM palm_sra WHERE palm_id IN ('u10326','u10461','u10476','u10488','u10886','u10895','u11288','u113862','u13031','u13402','u13871','u13996','u14583','u14928','u15307','u1546','u15461','u163955','u166755','u169263','u17151','u172701','u17968','u18014','u183425','u18465','u186670','u18951','u192205','u192821','u19609','u20533','u21753','u222041','u22569','u23092','u23458','u238796','u240784','u243421','u24918','u25578','u25638','u25786','u25863','u26728','u267417','u26866','u26932','u27279','u275','u275503','u278068','u287032','u291827','u30786','u3131','u3189','u3255','u3310','u3463','u39792','u4232','u42494','u43015','u4873','u52716','u53520','u5534','u5645','u5725','u58367','u60158','u6350','u6369','u7936','u8236','u8298','u83714','u8652','u9030','u9858')
Head of the DataFrame:
    row_id  ... qc_pass
0  1254774  ...   False
1  1258815  ...   False
2  1270065  ...   False
3  1273403  ...   False
4  1282863  ...   False

[5 rows x 17 columns]
Query results saved to /home/people/fitzpatria/scratch/Serratus/data/SRA_palm_id/peribunyaviride_sra_accessions.txt
Query for all sOTUs in peribunyaviride completed successfully.
Script completed at: Sun 26 Nov 21:08:11 GMT 2023
